2020-03-10 15:02:25,629 [6] INFO WSLemonWay.WebService1 - WS Fibonacci called with parameter : 10
2020-03-10 15:02:25,635 [6] INFO WSLemonWay.WebService1 - WS Fibonacci returned : 55
2020-03-10 15:11:17,248 [6] INFO WSLemonWay.WebService1 - WS Fibonacci called with parameter : 10000
2020-03-10 15:11:17,248 [6] ERROR WSLemonWay.WebService1 - WS Fibonacci called with parameter : 10000
2020-03-10 15:14:08,653 [6] ERROR WSLemonWay.WebService1 - WS Fibonacci called with parameter : 340
2020-03-10 15:14:13,312 [7] INFO WSLemonWay.WebService1 - WS Fibonacci called with parameter : 34.
 Parameter must be >0 and <= 100
2020-03-10 15:14:13,313 [7] INFO WSLemonWay.WebService1 - WS Fibonacci returned : 5702887
2020-03-10 15:15:56,317 [6] INFO WSLemonWay.WebService1 - WS Fibonacci called with parameter : 34.
 Parameter must be >0 and <= 100
2020-03-10 15:15:56,318 [6] INFO WSLemonWay.WebService1 - WS Fibonacci returned : 5702887
2020-03-10 15:16:01,316 [11] INFO WSLemonWay.WebService1 - WS Fibonacci called with parameter : 1.
 Parameter must be >0 and <= 100
2020-03-10 15:16:01,316 [11] INFO WSLemonWay.WebService1 - WS Fibonacci returned : 1
2020-03-10 15:16:07,999 [6] ERROR WSLemonWay.WebService1 - WS Fibonacci called with parameter : 222
2020-03-10 15:16:12,501 [11] INFO WSLemonWay.WebService1 - WS Fibonacci called with parameter : 21.
 Parameter must be >0 and <= 100
2020-03-10 15:16:12,501 [11] INFO WSLemonWay.WebService1 - WS Fibonacci returned : 10946
2020-03-10 15:18:09,111 [6] INFO WSLemonWay.WebService1 - WS Fibonacci called with parameter : 34
2020-03-10 15:18:09,117 [6] INFO WSLemonWay.WebService1 - WS Fibonacci returned : 5702887
2020-03-10 15:18:16,977 [6] ERROR WSLemonWay.WebService1 - WS Fibonacci called with parameter : 340.
 Parameter must be >0 and <= 100
2020-03-10 15:18:25,129 [6] INFO WSLemonWay.WebService1 - WS Fibonacci called with parameter : 1
2020-03-10 15:18:25,130 [6] INFO WSLemonWay.WebService1 - WS Fibonacci returned : 1
2020-03-10 15:45:11,446 [4] INFO WSLemonWay.WebService1 - WS Fibonacci called with parameter : 10
2020-03-10 15:45:11,453 [4] INFO WSLemonWay.WebService1 - WS Fibonacci returned : 55
2020-03-10 15:45:48,685 [4] INFO WSLemonWay.WebService1 - WS Fibonacci called with parameter : 10
2020-03-10 15:45:48,685 [4] INFO WSLemonWay.WebService1 - WS Fibonacci returned : 55
2020-03-10 15:47:19,344 [6] INFO WSLemonWay.WebService1 - WS Fibonacci called with parameter : 10
2020-03-10 15:47:19,353 [6] INFO WSLemonWay.WebService1 - WS Fibonacci returned : 55
2020-03-10 15:47:35,054 [6] INFO WSLemonWay.WebService1 - WS Fibonacci called with parameter : 10
2020-03-10 15:47:35,063 [6] INFO WSLemonWay.WebService1 - WS Fibonacci returned : 55
